<?xml version="1.0" encoding="UTF-8"?>
<testsuite name="com.sparta.javafeed.entity.UserTest" tests="5" skipped="0" failures="0" errors="0" timestamp="2024-06-14T07:24:22" hostname="Youiui-MacBookPro.local" time="0.445">
  <properties/>
  <testcase name="[saveRefreshToken()] 리프레시 토큰 저장" classname="com.sparta.javafeed.entity.UserTest" time="0.078"/>
  <testcase name="[updateUserStatus()] 업데이트 UserStatus" classname="com.sparta.javafeed.entity.UserTest" time="0.06"/>
  <testcase name="[updateUserInfo()] 유저 정보 업데이트" classname="com.sparta.javafeed.entity.UserTest" time="0.061"/>
  <testcase name="[checkRefreshToken()] 리프레시 토큰 체크" classname="com.sparta.javafeed.entity.UserTest" time="0.064"/>
  <testcase name="[updatePassword()] 비밀번호 변경" classname="com.sparta.javafeed.entity.UserTest" time="0.178"/>
  <system-out><![CDATA[]]></system-out>
  <system-err><![CDATA[]]></system-err>
</testsuite>
