<?xml version="1.0" encoding="UTF-8"?>
<testsuite name="com.sparta.javafeed.service.UserServiceIntegrationTest" tests="10" skipped="0" failures="0" errors="0" timestamp="2024-06-17T03:04:22" hostname="Youiui-MacBookPro.local" time="0.868">
  <properties/>
  <testcase name="signupUser() 회원가입" classname="com.sparta.javafeed.service.UserServiceIntegrationTest" time="0.448"/>
  <testcase name="findByAccountId() AccountId로 회원 찾기" classname="com.sparta.javafeed.service.UserServiceIntegrationTest" time="0.006"/>
  <testcase name="getUser() 회원 조회" classname="com.sparta.javafeed.service.UserServiceIntegrationTest" time="0.004"/>
  <testcase name="updateUser() 회원 정보 수정" classname="com.sparta.javafeed.service.UserServiceIntegrationTest" time="0.013"/>
  <testcase name="updatePassword() 비밀번호 변경" classname="com.sparta.javafeed.service.UserServiceIntegrationTest" time="0.271"/>
  <testcase name="updateUserEmailSent() 이메일 전송" classname="com.sparta.javafeed.service.UserServiceIntegrationTest" time="0.017"/>
  <testcase name="updateUserStatus() 이메일 인증" classname="com.sparta.javafeed.service.UserServiceIntegrationTest" time="0.011"/>
  <testcase name="findByEmail() email로 회원 찾기" classname="com.sparta.javafeed.service.UserServiceIntegrationTest" time="0.006"/>
  <testcase name="logout() 로그아웃" classname="com.sparta.javafeed.service.UserServiceIntegrationTest" time="0.012"/>
  <testcase name="deactiveUser() 회원 탈퇴" classname="com.sparta.javafeed.service.UserServiceIntegrationTest" time="0.077"/>
  <system-out><![CDATA[12:04:19.959 [Test worker] INFO org.springframework.test.context.support.AnnotationConfigContextLoaderUtils -- Could not detect default configuration classes for test class [com.sparta.javafeed.service.UserServiceIntegrationTest]: UserServiceIntegrationTest does not declare any static, non-private, non-final, nested classes annotated with @Configuration.
12:04:20.016 [Test worker] INFO org.springframework.boot.test.context.SpringBootTestContextBootstrapper -- Found @SpringBootConfiguration com.sparta.javafeed.JavafeedApplication for test class com.sparta.javafeed.service.UserServiceIntegrationTest
  .   ____          _            __ _ _
 /\\ / ___'_ __ _ _(_)_ __  __ _ \ \ \ \
( ( )\___ | '_ | '_| | '_ \/ _` | \ \ \ \
 \\/  ___)| |_)| | | | | || (_| |  ) ) ) )
  '  |____| .__|_| |_|_| |_\__, | / / / /
 =========|_|==============|___/=/_/_/_/

 :: Spring Boot ::                (v3.3.0)

2024-06-17T12:04:20.165+09:00  INFO 16219 --- [javafeed] [    Test worker] c.s.j.s.UserServiceIntegrationTest       : Starting UserServiceIntegrationTest using Java 17.0.10 with PID 16219 (started by youihyonkim in /Users/youihyonkim/Desktop/project/2024/스파르타-내일배움/SpartaNbCamp-Javafeed-TestCode-pp)
2024-06-17T12:04:20.165+09:00  INFO 16219 --- [javafeed] [    Test worker] c.s.j.s.UserServiceIntegrationTest       : No active profile set, falling back to 1 default profile: "default"
2024-06-17T12:04:20.521+09:00  INFO 16219 --- [javafeed] [    Test worker] .s.d.r.c.RepositoryConfigurationDelegate : Bootstrapping Spring Data JPA repositories in DEFAULT mode.
2024-06-17T12:04:20.555+09:00  INFO 16219 --- [javafeed] [    Test worker] .s.d.r.c.RepositoryConfigurationDelegate : Finished Spring Data repository scanning in 30 ms. Found 4 JPA repository interfaces.
2024-06-17T12:04:20.924+09:00  INFO 16219 --- [javafeed] [    Test worker] o.s.b.w.embedded.tomcat.TomcatWebServer  : Tomcat initialized with port 0 (http)
2024-06-17T12:04:20.931+09:00  INFO 16219 --- [javafeed] [    Test worker] o.apache.catalina.core.StandardService   : Starting service [Tomcat]
2024-06-17T12:04:20.931+09:00  INFO 16219 --- [javafeed] [    Test worker] o.apache.catalina.core.StandardEngine    : Starting Servlet engine: [Apache Tomcat/10.1.24]
2024-06-17T12:04:20.964+09:00  INFO 16219 --- [javafeed] [    Test worker] o.a.c.c.C.[Tomcat].[localhost].[/]       : Initializing Spring embedded WebApplicationContext
2024-06-17T12:04:20.964+09:00  INFO 16219 --- [javafeed] [    Test worker] w.s.c.ServletWebServerApplicationContext : Root WebApplicationContext: initialization completed in 792 ms
2024-06-17T12:04:21.055+09:00  INFO 16219 --- [javafeed] [    Test worker] o.hibernate.jpa.internal.util.LogHelper  : HHH000204: Processing PersistenceUnitInfo [name: default]
2024-06-17T12:04:21.079+09:00  INFO 16219 --- [javafeed] [    Test worker] org.hibernate.Version                    : HHH000412: Hibernate ORM core version 6.5.2.Final
2024-06-17T12:04:21.093+09:00  INFO 16219 --- [javafeed] [    Test worker] o.h.c.internal.RegionFactoryInitiator    : HHH000026: Second-level cache disabled
2024-06-17T12:04:21.211+09:00  INFO 16219 --- [javafeed] [    Test worker] o.s.o.j.p.SpringPersistenceUnitInfo      : No LoadTimeWeaver setup: ignoring JPA class transformer
2024-06-17T12:04:21.223+09:00  INFO 16219 --- [javafeed] [    Test worker] com.zaxxer.hikari.HikariDataSource       : HikariPool-1 - Starting...
2024-06-17T12:04:21.369+09:00  INFO 16219 --- [javafeed] [    Test worker] com.zaxxer.hikari.pool.HikariPool        : HikariPool-1 - Added connection com.mysql.cj.jdbc.ConnectionImpl@75da2db
2024-06-17T12:04:21.370+09:00  INFO 16219 --- [javafeed] [    Test worker] com.zaxxer.hikari.HikariDataSource       : HikariPool-1 - Start completed.
2024-06-17T12:04:21.856+09:00  INFO 16219 --- [javafeed] [    Test worker] o.h.e.t.j.p.i.JtaPlatformInitiator       : HHH000489: No JTA platform available (set 'hibernate.transaction.jta.platform' to enable JTA platform integration)
Hibernate: 
    create table comment (
        id bigint not null auto_increment,
        created_at datetime(6),
        modified_at datetime(6),
        description varchar(255) not null,
        like_cnt bigint,
        newsfeed_id bigint not null,
        user_id bigint not null,
        primary key (id)
    ) engine=InnoDB
Hibernate: 
    create table email_auth (
        id bigint not null auto_increment,
        auth_token varchar(255),
        email varchar(255),
        expire_date datetime(6),
        expired bit,
        primary key (id)
    ) engine=InnoDB
Hibernate: 
    create table newsfeed (
        id bigint not null auto_increment,
        created_at datetime(6),
        modified_at datetime(6),
        description LONGTEXT not null,
        title varchar(255) not null,
        user_id bigint not null,
        primary key (id)
    ) engine=InnoDB
Hibernate: 
    create table user (
        id bigint not null auto_increment,
        created_at datetime(6),
        modified_at datetime(6),
        account_id varchar(255) not null,
        email varchar(255) not null,
        email_sent_at datetime(6),
        intro varchar(255),
        name varchar(255) not null,
        password varchar(255) not null,
        refresh_token varchar(255),
        user_role enum ('ADMIN','USER') not null,
        user_status enum ('ACTIVE','BEFORE_VERIFIED','DEACTIVATE'),
        user_status_modified_at datetime(6),
        primary key (id)
    ) engine=InnoDB
Hibernate: 
    create table user_like (
        id bigint not null auto_increment,
        created_at datetime(6),
        modified_at datetime(6),
        content_id bigint not null,
        content_type enum ('COMMENT','NEWSFEED') not null,
        user_id bigint not null,
        primary key (id)
    ) engine=InnoDB
Hibernate: 
    alter table user 
       drop index UKnrrhhb0bsexvi8ch6wnon9uog
Hibernate: 
    alter table user 
       add constraint UKnrrhhb0bsexvi8ch6wnon9uog unique (account_id)
Hibernate: 
    alter table user 
       drop index UKob8kqyqqgmefl0aco34akdtpe
Hibernate: 
    alter table user 
       add constraint UKob8kqyqqgmefl0aco34akdtpe unique (email)
Hibernate: 
    alter table comment 
       add constraint FK89ygvwj8w96uicc3vr8igubw3 
       foreign key (newsfeed_id) 
       references newsfeed (id)
Hibernate: 
    alter table comment 
       add constraint FK8kcum44fvpupyw6f5baccx25c 
       foreign key (user_id) 
       references user (id)
Hibernate: 
    alter table newsfeed 
       add constraint FKn9qc1h5bynw6b7i95bbsy364m 
       foreign key (user_id) 
       references user (id)
Hibernate: 
    alter table user_like 
       add constraint FKjsfb2urrv0shlti7sfy9iktpi 
       foreign key (user_id) 
       references user (id)
2024-06-17T12:04:21.959+09:00  INFO 16219 --- [javafeed] [    Test worker] j.LocalContainerEntityManagerFactoryBean : Initialized JPA EntityManagerFactory for persistence unit 'default'
2024-06-17T12:04:22.162+09:00  INFO 16219 --- [javafeed] [    Test worker] r$InitializeUserDetailsManagerConfigurer : Global AuthenticationManager configured with UserDetailsService bean with name userDetailsServiceImpl
2024-06-17T12:04:22.353+09:00  WARN 16219 --- [javafeed] [    Test worker] JpaBaseConfiguration$JpaWebConfiguration : spring.jpa.open-in-view is enabled by default. Therefore, database queries may be performed during view rendering. Explicitly configure spring.jpa.open-in-view to disable this warning
2024-06-17T12:04:22.530+09:00  INFO 16219 --- [javafeed] [    Test worker] o.s.s.web.DefaultSecurityFilterChain     : Will secure any request with [org.springframework.security.web.session.DisableEncodeUrlFilter@27d9a016, org.springframework.security.web.context.request.async.WebAsyncManagerIntegrationFilter@68c9cf93, org.springframework.security.web.context.SecurityContextHolderFilter@793577e0, org.springframework.security.web.header.HeaderWriterFilter@3426d8e2, org.springframework.web.filter.CorsFilter@2715b3ea, org.springframework.security.web.authentication.logout.LogoutFilter@708378cc, com.sparta.javafeed.jwt.JwtExceptionFilter@50e7d8ba, com.sparta.javafeed.jwt.JwtAuthorizationFilter@2298d741, com.sparta.javafeed.jwt.JwtAuthenticationFilter@57e9cd2, org.springframework.security.web.savedrequest.RequestCacheAwareFilter@642ebd4c, org.springframework.security.web.servletapi.SecurityContextHolderAwareRequestFilter@70721c2d, org.springframework.security.web.authentication.AnonymousAuthenticationFilter@30130a31, org.springframework.security.web.session.SessionManagementFilter@4f31e47a, org.springframework.security.web.access.ExceptionTranslationFilter@1548dc37, org.springframework.security.web.access.intercept.AuthorizationFilter@74876292]
2024-06-17T12:04:22.696+09:00  INFO 16219 --- [javafeed] [    Test worker] o.s.b.w.embedded.tomcat.TomcatWebServer  : Tomcat started on port 62307 (http) with context path '/'
2024-06-17T12:04:22.702+09:00  INFO 16219 --- [javafeed] [    Test worker] c.s.j.s.UserServiceIntegrationTest       : Started UserServiceIntegrationTest in 2.629 seconds (process running for 3.095)
Hibernate: 
    /* <criteria> */ select
        u1_0.id,
        u1_0.account_id,
        u1_0.created_at,
        u1_0.email,
        u1_0.email_sent_at,
        u1_0.intro,
        u1_0.modified_at,
        u1_0.name,
        u1_0.password,
        u1_0.refresh_token,
        u1_0.user_role,
        u1_0.user_status,
        u1_0.user_status_modified_at 
    from
        user u1_0 
    where
        u1_0.account_id=?
Hibernate: 
    /* <criteria> */ select
        u1_0.id,
        u1_0.account_id,
        u1_0.created_at,
        u1_0.email,
        u1_0.email_sent_at,
        u1_0.intro,
        u1_0.modified_at,
        u1_0.name,
        u1_0.password,
        u1_0.refresh_token,
        u1_0.user_role,
        u1_0.user_status,
        u1_0.user_status_modified_at 
    from
        user u1_0 
    where
        u1_0.email=?
Hibernate: 
    /* insert for
        com.sparta.javafeed.entity.User */insert 
    into
        user (account_id, created_at, email, email_sent_at, intro, modified_at, name, password, refresh_token, user_role, user_status, user_status_modified_at) 
    values
        (?, ?, ?, ?, ?, ?, ?, ?, ?, ?, ?, ?)
Hibernate: 
    /* <criteria> */ select
        u1_0.id,
        u1_0.account_id,
        u1_0.created_at,
        u1_0.email,
        u1_0.email_sent_at,
        u1_0.intro,
        u1_0.modified_at,
        u1_0.name,
        u1_0.password,
        u1_0.refresh_token,
        u1_0.user_role,
        u1_0.user_status,
        u1_0.user_status_modified_at 
    from
        user u1_0 
    where
        u1_0.account_id=?
Hibernate: 
    /* <criteria> */ select
        u1_0.id,
        u1_0.account_id,
        u1_0.created_at,
        u1_0.email,
        u1_0.email_sent_at,
        u1_0.intro,
        u1_0.modified_at,
        u1_0.name,
        u1_0.password,
        u1_0.refresh_token,
        u1_0.user_role,
        u1_0.user_status,
        u1_0.user_status_modified_at 
    from
        user u1_0 
    where
        u1_0.account_id=?
Hibernate: 
    /* <criteria> */ select
        u1_0.id,
        u1_0.account_id,
        u1_0.created_at,
        u1_0.email,
        u1_0.email_sent_at,
        u1_0.intro,
        u1_0.modified_at,
        u1_0.name,
        u1_0.password,
        u1_0.refresh_token,
        u1_0.user_role,
        u1_0.user_status,
        u1_0.user_status_modified_at 
    from
        user u1_0 
    where
        u1_0.account_id=?
Hibernate: 
    /* update
        for com.sparta.javafeed.entity.User */update user 
    set
        account_id=?,
        email=?,
        email_sent_at=?,
        intro=?,
        modified_at=?,
        name=?,
        password=?,
        refresh_token=?,
        user_role=?,
        user_status=?,
        user_status_modified_at=? 
    where
        id=?
Hibernate: 
    /* <criteria> */ select
        u1_0.id,
        u1_0.account_id,
        u1_0.created_at,
        u1_0.email,
        u1_0.email_sent_at,
        u1_0.intro,
        u1_0.modified_at,
        u1_0.name,
        u1_0.password,
        u1_0.refresh_token,
        u1_0.user_role,
        u1_0.user_status,
        u1_0.user_status_modified_at 
    from
        user u1_0 
    where
        u1_0.account_id=?
Hibernate: 
    /* <criteria> */ select
        u1_0.id,
        u1_0.account_id,
        u1_0.created_at,
        u1_0.email,
        u1_0.email_sent_at,
        u1_0.intro,
        u1_0.modified_at,
        u1_0.name,
        u1_0.password,
        u1_0.refresh_token,
        u1_0.user_role,
        u1_0.user_status,
        u1_0.user_status_modified_at 
    from
        user u1_0 
    where
        u1_0.account_id=?
Hibernate: 
    /* update
        for com.sparta.javafeed.entity.User */update user 
    set
        account_id=?,
        email=?,
        email_sent_at=?,
        intro=?,
        modified_at=?,
        name=?,
        password=?,
        refresh_token=?,
        user_role=?,
        user_status=?,
        user_status_modified_at=? 
    where
        id=?
Hibernate: 
    /* <criteria> */ select
        u1_0.id,
        u1_0.account_id,
        u1_0.created_at,
        u1_0.email,
        u1_0.email_sent_at,
        u1_0.intro,
        u1_0.modified_at,
        u1_0.name,
        u1_0.password,
        u1_0.refresh_token,
        u1_0.user_role,
        u1_0.user_status,
        u1_0.user_status_modified_at 
    from
        user u1_0 
    where
        u1_0.account_id=?
Hibernate: 
    /* <criteria> */ select
        u1_0.id,
        u1_0.account_id,
        u1_0.created_at,
        u1_0.email,
        u1_0.email_sent_at,
        u1_0.intro,
        u1_0.modified_at,
        u1_0.name,
        u1_0.password,
        u1_0.refresh_token,
        u1_0.user_role,
        u1_0.user_status,
        u1_0.user_status_modified_at 
    from
        user u1_0 
    where
        u1_0.email=?
Hibernate: 
    select
        u1_0.id,
        u1_0.account_id,
        u1_0.created_at,
        u1_0.email,
        u1_0.email_sent_at,
        u1_0.intro,
        u1_0.modified_at,
        u1_0.name,
        u1_0.password,
        u1_0.refresh_token,
        u1_0.user_role,
        u1_0.user_status,
        u1_0.user_status_modified_at 
    from
        user u1_0 
    where
        u1_0.id=?
Hibernate: 
    /* update
        for com.sparta.javafeed.entity.User */update user 
    set
        account_id=?,
        email=?,
        email_sent_at=?,
        intro=?,
        modified_at=?,
        name=?,
        password=?,
        refresh_token=?,
        user_role=?,
        user_status=?,
        user_status_modified_at=? 
    where
        id=?
Hibernate: 
    /* <criteria> */ select
        u1_0.id,
        u1_0.account_id,
        u1_0.created_at,
        u1_0.email,
        u1_0.email_sent_at,
        u1_0.intro,
        u1_0.modified_at,
        u1_0.name,
        u1_0.password,
        u1_0.refresh_token,
        u1_0.user_role,
        u1_0.user_status,
        u1_0.user_status_modified_at 
    from
        user u1_0 
    where
        u1_0.email=?
Hibernate: 
    /* <criteria> */ select
        u1_0.id,
        u1_0.account_id,
        u1_0.created_at,
        u1_0.email,
        u1_0.email_sent_at,
        u1_0.intro,
        u1_0.modified_at,
        u1_0.name,
        u1_0.password,
        u1_0.refresh_token,
        u1_0.user_role,
        u1_0.user_status,
        u1_0.user_status_modified_at 
    from
        user u1_0 
    where
        u1_0.email=?
Hibernate: 
    select
        u1_0.id,
        u1_0.account_id,
        u1_0.created_at,
        u1_0.email,
        u1_0.email_sent_at,
        u1_0.intro,
        u1_0.modified_at,
        u1_0.name,
        u1_0.password,
        u1_0.refresh_token,
        u1_0.user_role,
        u1_0.user_status,
        u1_0.user_status_modified_at 
    from
        user u1_0 
    where
        u1_0.id=?
Hibernate: 
    /* update
        for com.sparta.javafeed.entity.User */update user 
    set
        account_id=?,
        email=?,
        email_sent_at=?,
        intro=?,
        modified_at=?,
        name=?,
        password=?,
        refresh_token=?,
        user_role=?,
        user_status=?,
        user_status_modified_at=? 
    where
        id=?
Hibernate: 
    /* <criteria> */ select
        u1_0.id,
        u1_0.account_id,
        u1_0.created_at,
        u1_0.email,
        u1_0.email_sent_at,
        u1_0.intro,
        u1_0.modified_at,
        u1_0.name,
        u1_0.password,
        u1_0.refresh_token,
        u1_0.user_role,
        u1_0.user_status,
        u1_0.user_status_modified_at 
    from
        user u1_0 
    where
        u1_0.email=?
Hibernate: 
    /* <criteria> */ select
        u1_0.id,
        u1_0.account_id,
        u1_0.created_at,
        u1_0.email,
        u1_0.email_sent_at,
        u1_0.intro,
        u1_0.modified_at,
        u1_0.name,
        u1_0.password,
        u1_0.refresh_token,
        u1_0.user_role,
        u1_0.user_status,
        u1_0.user_status_modified_at 
    from
        user u1_0 
    where
        u1_0.email=?
Hibernate: 
    /* <criteria> */ select
        u1_0.id,
        u1_0.account_id,
        u1_0.created_at,
        u1_0.email,
        u1_0.email_sent_at,
        u1_0.intro,
        u1_0.modified_at,
        u1_0.name,
        u1_0.password,
        u1_0.refresh_token,
        u1_0.user_role,
        u1_0.user_status,
        u1_0.user_status_modified_at 
    from
        user u1_0 
    where
        u1_0.account_id=?
Hibernate: 
    /* update
        for com.sparta.javafeed.entity.User */update user 
    set
        account_id=?,
        email=?,
        email_sent_at=?,
        intro=?,
        modified_at=?,
        name=?,
        password=?,
        refresh_token=?,
        user_role=?,
        user_status=?,
        user_status_modified_at=? 
    where
        id=?
Hibernate: 
    /* <criteria> */ select
        u1_0.id,
        u1_0.account_id,
        u1_0.created_at,
        u1_0.email,
        u1_0.email_sent_at,
        u1_0.intro,
        u1_0.modified_at,
        u1_0.name,
        u1_0.password,
        u1_0.refresh_token,
        u1_0.user_role,
        u1_0.user_status,
        u1_0.user_status_modified_at 
    from
        user u1_0 
    where
        u1_0.email=?
Hibernate: 
    /* <criteria> */ select
        u1_0.id,
        u1_0.account_id,
        u1_0.created_at,
        u1_0.email,
        u1_0.email_sent_at,
        u1_0.intro,
        u1_0.modified_at,
        u1_0.name,
        u1_0.password,
        u1_0.refresh_token,
        u1_0.user_role,
        u1_0.user_status,
        u1_0.user_status_modified_at 
    from
        user u1_0 
    where
        u1_0.account_id=?
Hibernate: 
    /* update
        for com.sparta.javafeed.entity.User */update user 
    set
        account_id=?,
        email=?,
        email_sent_at=?,
        intro=?,
        modified_at=?,
        name=?,
        password=?,
        refresh_token=?,
        user_role=?,
        user_status=?,
        user_status_modified_at=? 
    where
        id=?
Hibernate: 
    /* <criteria> */ select
        u1_0.id,
        u1_0.account_id,
        u1_0.created_at,
        u1_0.email,
        u1_0.email_sent_at,
        u1_0.intro,
        u1_0.modified_at,
        u1_0.name,
        u1_0.password,
        u1_0.refresh_token,
        u1_0.user_role,
        u1_0.user_status,
        u1_0.user_status_modified_at 
    from
        user u1_0 
    where
        u1_0.email=?
]]></system-out>
  <system-err><![CDATA[]]></system-err>
</testsuite>
