<?xml version="1.0" encoding="UTF-8"?>
<testsuite name="com.sparta.javafeed.mvc.UserControllerTest" tests="1" skipped="0" failures="0" errors="0" timestamp="2024-06-14T11:53:00" hostname="Youiui-MacBookPro.local" time="0.174">
  <properties/>
  <testcase name="[PATCH] 비밀번호 수정" classname="com.sparta.javafeed.mvc.UserControllerTest" time="0.174"/>
  <system-out><![CDATA[20:52:59.080 [Test worker] INFO org.springframework.test.context.support.AnnotationConfigContextLoaderUtils -- Could not detect default configuration classes for test class [com.sparta.javafeed.mvc.UserControllerTest]: UserControllerTest does not declare any static, non-private, non-final, nested classes annotated with @Configuration.
20:52:59.136 [Test worker] INFO org.springframework.boot.test.context.SpringBootTestContextBootstrapper -- Found @SpringBootConfiguration com.sparta.javafeed.JavafeedApplication for test class com.sparta.javafeed.mvc.UserControllerTest
  .   ____          _            __ _ _
 /\\ / ___'_ __ _ _(_)_ __  __ _ \ \ \ \
( ( )\___ | '_ | '_| | '_ \/ _` | \ \ \ \
 \\/  ___)| |_)| | | | | || (_| |  ) ) ) )
  '  |____| .__|_| |_|_| |_\__, | / / / /
 =========|_|==============|___/=/_/_/_/

 :: Spring Boot ::                (v3.3.0)

2024-06-14T20:52:59.278+09:00  INFO 8329 --- [javafeed] [    Test worker] c.s.javafeed.mvc.UserControllerTest      : Starting UserControllerTest using Java 17.0.10 with PID 8329 (started by youihyonkim in /Users/youihyonkim/Desktop/project/2024/스파르타-내일배움/SpartaNbCamp-Javafeed-TestCode-pp)
2024-06-14T20:52:59.279+09:00  INFO 8329 --- [javafeed] [    Test worker] c.s.javafeed.mvc.UserControllerTest      : No active profile set, falling back to 1 default profile: "default"
2024-06-14T20:53:00.188+09:00  WARN 8329 --- [javafeed] [    Test worker] .s.s.UserDetailsServiceAutoConfiguration : 

Using generated security password: d8288f0d-34da-4544-8f73-aa07e80f26ce

This generated password is for development use only. Your security configuration must be updated before running your application in production.

2024-06-14T20:53:00.198+09:00  INFO 8329 --- [javafeed] [    Test worker] r$InitializeUserDetailsManagerConfigurer : Global AuthenticationManager configured with UserDetailsService bean with name inMemoryUserDetailsManager
2024-06-14T20:53:00.237+09:00  INFO 8329 --- [javafeed] [    Test worker] o.s.s.web.DefaultSecurityFilterChain     : Will secure any request with [org.springframework.security.web.session.DisableEncodeUrlFilter@36871e98, org.springframework.security.web.context.request.async.WebAsyncManagerIntegrationFilter@70d687b8, org.springframework.security.web.context.SecurityContextHolderFilter@7c8f047a, org.springframework.security.web.header.HeaderWriterFilter@1884e671, org.springframework.web.filter.CorsFilter@6533629, org.springframework.security.web.csrf.CsrfFilter@1530d0f2, org.springframework.security.web.authentication.logout.LogoutFilter@61c4cebd, org.springframework.security.web.authentication.UsernamePasswordAuthenticationFilter@6630dd28, org.springframework.security.web.authentication.ui.DefaultLoginPageGeneratingFilter@6abe62bb, org.springframework.security.web.authentication.ui.DefaultLogoutPageGeneratingFilter@f49e81a, org.springframework.security.web.authentication.www.BasicAuthenticationFilter@445058e8, org.springframework.security.web.savedrequest.RequestCacheAwareFilter@1dbff71c, org.springframework.security.web.servletapi.SecurityContextHolderAwareRequestFilter@d949bc4, org.springframework.security.web.authentication.AnonymousAuthenticationFilter@1b444b5, org.springframework.security.web.access.ExceptionTranslationFilter@e886caf, org.springframework.security.web.access.intercept.AuthorizationFilter@65f5cae3]
2024-06-14T20:53:00.258+09:00  INFO 8329 --- [javafeed] [    Test worker] o.s.b.t.m.w.SpringBootMockServletContext : Initializing Spring TestDispatcherServlet ''
2024-06-14T20:53:00.258+09:00  INFO 8329 --- [javafeed] [    Test worker] o.s.t.web.servlet.TestDispatcherServlet  : Initializing Servlet ''
2024-06-14T20:53:00.259+09:00  INFO 8329 --- [javafeed] [    Test worker] o.s.t.web.servlet.TestDispatcherServlet  : Completed initialization in 1 ms
2024-06-14T20:53:00.273+09:00  INFO 8329 --- [javafeed] [    Test worker] c.s.javafeed.mvc.UserControllerTest      : Started UserControllerTest in 1.106 seconds (process running for 1.554)
2024-06-14T20:53:00.285+09:00  INFO 8329 --- [javafeed] [    Test worker] o.s.b.t.m.w.SpringBootMockServletContext : Initializing Spring TestDispatcherServlet ''
2024-06-14T20:53:00.285+09:00  INFO 8329 --- [javafeed] [    Test worker] o.s.t.web.servlet.TestDispatcherServlet  : Initializing Servlet ''
2024-06-14T20:53:00.286+09:00  INFO 8329 --- [javafeed] [    Test worker] o.s.t.web.servlet.TestDispatcherServlet  : Completed initialization in 1 ms

MockHttpServletRequest:
      HTTP Method = PATCH
      Request URI = /users/password
       Parameters = {}
          Headers = [Content-Type:"application/json", Content-Length:"66"]
             Body = <no character encoding set>
    Session Attrs = {}

Handler:
             Type = com.sparta.javafeed.controller.UserController
           Method = com.sparta.javafeed.controller.UserController#updatePassword(PasswordUpdateDto, UserDetailsImpl)

Async:
    Async started = false
     Async result = null

Resolved Exception:
             Type = null

ModelAndView:
        View name = null
             View = null
            Model = null

FlashMap:
       Attributes = null

MockHttpServletResponse:
           Status = 200
    Error message = null
          Headers = [Content-Type:"application/json"]
     Content type = application/json
             Body = {"status":200,"message":"비밀번호가 수정 되었습니다."}
    Forwarded URL = null
   Redirected URL = null
          Cookies = []
]]></system-out>
  <system-err><![CDATA[]]></system-err>
</testsuite>
