<?xml version="1.0" encoding="UTF-8"?>
<testsuite name="com.sparta.javafeed.mvc.CommentControllerTest" tests="4" skipped="0" failures="0" errors="0" timestamp="2024-06-16T02:06:05" hostname="Youiui-MacBookPro.local" time="0.281">
  <properties/>
  <testcase name="[POST] 댓글 작성" classname="com.sparta.javafeed.mvc.CommentControllerTest" time="0.136"/>
  <testcase name="[PUT] 댓글 수정" classname="com.sparta.javafeed.mvc.CommentControllerTest" time="0.071"/>
  <testcase name="[DELETE] 댓글 삭제" classname="com.sparta.javafeed.mvc.CommentControllerTest" time="0.066"/>
  <testcase name="[GET] 댓글 목록 조회" classname="com.sparta.javafeed.mvc.CommentControllerTest" time="0.005"/>
  <system-out><![CDATA[11:06:04.725 [Test worker] INFO org.springframework.test.context.support.AnnotationConfigContextLoaderUtils -- Could not detect default configuration classes for test class [com.sparta.javafeed.mvc.CommentControllerTest]: CommentControllerTest does not declare any static, non-private, non-final, nested classes annotated with @Configuration.
11:06:04.779 [Test worker] INFO org.springframework.boot.test.context.SpringBootTestContextBootstrapper -- Found @SpringBootConfiguration com.sparta.javafeed.JavafeedApplication for test class com.sparta.javafeed.mvc.CommentControllerTest
  .   ____          _            __ _ _
 /\\ / ___'_ __ _ _(_)_ __  __ _ \ \ \ \
( ( )\___ | '_ | '_| | '_ \/ _` | \ \ \ \
 \\/  ___)| |_)| | | | | || (_| |  ) ) ) )
  '  |____| .__|_| |_|_| |_\__, | / / / /
 =========|_|==============|___/=/_/_/_/

 :: Spring Boot ::                (v3.3.0)

2024-06-16T11:06:04.909+09:00  INFO 10931 --- [javafeed] [    Test worker] c.s.javafeed.mvc.CommentControllerTest   : Starting CommentControllerTest using Java 17.0.10 with PID 10931 (started by youihyonkim in /Users/youihyonkim/Desktop/project/2024/스파르타-내일배움/SpartaNbCamp-Javafeed-TestCode-pp)
2024-06-16T11:06:04.909+09:00  INFO 10931 --- [javafeed] [    Test worker] c.s.javafeed.mvc.CommentControllerTest   : No active profile set, falling back to 1 default profile: "default"
2024-06-16T11:06:05.758+09:00  WARN 10931 --- [javafeed] [    Test worker] .s.s.UserDetailsServiceAutoConfiguration : 

Using generated security password: ed75f457-ae72-4ef2-9644-943ebb7cd0ac

This generated password is for development use only. Your security configuration must be updated before running your application in production.

2024-06-16T11:06:05.768+09:00  INFO 10931 --- [javafeed] [    Test worker] r$InitializeUserDetailsManagerConfigurer : Global AuthenticationManager configured with UserDetailsService bean with name inMemoryUserDetailsManager
2024-06-16T11:06:05.805+09:00  INFO 10931 --- [javafeed] [    Test worker] o.s.s.web.DefaultSecurityFilterChain     : Will secure any request with [org.springframework.security.web.session.DisableEncodeUrlFilter@595ec862, org.springframework.security.web.context.request.async.WebAsyncManagerIntegrationFilter@63c84d31, org.springframework.security.web.context.SecurityContextHolderFilter@448086ab, org.springframework.security.web.header.HeaderWriterFilter@24eecabf, org.springframework.web.filter.CorsFilter@102af1bb, org.springframework.security.web.csrf.CsrfFilter@5fbae40, org.springframework.security.web.authentication.logout.LogoutFilter@500ec769, org.springframework.security.web.authentication.UsernamePasswordAuthenticationFilter@4ca0b9b1, org.springframework.security.web.authentication.ui.DefaultLoginPageGeneratingFilter@2fa212df, org.springframework.security.web.authentication.ui.DefaultLogoutPageGeneratingFilter@797f97e3, org.springframework.security.web.authentication.www.BasicAuthenticationFilter@69ba72da, org.springframework.security.web.savedrequest.RequestCacheAwareFilter@6de610c6, org.springframework.security.web.servletapi.SecurityContextHolderAwareRequestFilter@631944d4, org.springframework.security.web.authentication.AnonymousAuthenticationFilter@56cd5d76, org.springframework.security.web.access.ExceptionTranslationFilter@7c956dda, org.springframework.security.web.access.intercept.AuthorizationFilter@7e1a9173]
2024-06-16T11:06:05.826+09:00  INFO 10931 --- [javafeed] [    Test worker] o.s.b.t.m.w.SpringBootMockServletContext : Initializing Spring TestDispatcherServlet ''
2024-06-16T11:06:05.826+09:00  INFO 10931 --- [javafeed] [    Test worker] o.s.t.web.servlet.TestDispatcherServlet  : Initializing Servlet ''
2024-06-16T11:06:05.826+09:00  INFO 10931 --- [javafeed] [    Test worker] o.s.t.web.servlet.TestDispatcherServlet  : Completed initialization in 0 ms
2024-06-16T11:06:05.841+09:00  INFO 10931 --- [javafeed] [    Test worker] c.s.javafeed.mvc.CommentControllerTest   : Started CommentControllerTest in 1.033 seconds (process running for 1.416)
2024-06-16T11:06:05.852+09:00  INFO 10931 --- [javafeed] [    Test worker] o.s.b.t.m.w.SpringBootMockServletContext : Initializing Spring TestDispatcherServlet ''
2024-06-16T11:06:05.852+09:00  INFO 10931 --- [javafeed] [    Test worker] o.s.t.web.servlet.TestDispatcherServlet  : Initializing Servlet ''
2024-06-16T11:06:05.852+09:00  INFO 10931 --- [javafeed] [    Test worker] o.s.t.web.servlet.TestDispatcherServlet  : Completed initialization in 0 ms

MockHttpServletRequest:
      HTTP Method = POST
      Request URI = /posts/1/comments
       Parameters = {}
          Headers = [Content-Type:"application/json", Content-Length:"63"]
             Body = <no character encoding set>
    Session Attrs = {}

Handler:
             Type = com.sparta.javafeed.controller.CommentController
           Method = com.sparta.javafeed.controller.CommentController#addComment(Long, CommentRequestDto, UserDetailsImpl)

Async:
    Async started = false
     Async result = null

Resolved Exception:
             Type = null

ModelAndView:
        View name = null
             View = null
            Model = null

FlashMap:
       Attributes = null

MockHttpServletResponse:
           Status = 200
    Error message = null
          Headers = [Content-Type:"application/json"]
     Content type = application/json
             Body = {"status":"200 OK","message":"댓글이 작성 되었습니다.","data":null}
    Forwarded URL = null
   Redirected URL = null
          Cookies = []
2024-06-16T11:06:05.984+09:00  INFO 10931 --- [javafeed] [    Test worker] o.s.b.t.m.w.SpringBootMockServletContext : Initializing Spring TestDispatcherServlet ''
2024-06-16T11:06:05.985+09:00  INFO 10931 --- [javafeed] [    Test worker] o.s.t.web.servlet.TestDispatcherServlet  : Initializing Servlet ''
2024-06-16T11:06:05.985+09:00  INFO 10931 --- [javafeed] [    Test worker] o.s.t.web.servlet.TestDispatcherServlet  : Completed initialization in 0 ms

MockHttpServletRequest:
      HTTP Method = PUT
      Request URI = /posts/1/comments/1
       Parameters = {}
          Headers = [Content-Type:"application/json", Content-Length:"64"]
             Body = <no character encoding set>
    Session Attrs = {}

Handler:
             Type = com.sparta.javafeed.controller.CommentController
           Method = com.sparta.javafeed.controller.CommentController#updateComment(Long, CommentRequestDto, UserDetailsImpl)

Async:
    Async started = false
     Async result = null

Resolved Exception:
             Type = null

ModelAndView:
        View name = null
             View = null
            Model = null

FlashMap:
       Attributes = null

MockHttpServletResponse:
           Status = 200
    Error message = null
          Headers = [Content-Type:"application/json"]
     Content type = application/json
             Body = {"status":"200 OK","message":"댓글이 수정 되었습니다.","data":null}
    Forwarded URL = null
   Redirected URL = null
          Cookies = []
2024-06-16T11:06:06.056+09:00  INFO 10931 --- [javafeed] [    Test worker] o.s.b.t.m.w.SpringBootMockServletContext : Initializing Spring TestDispatcherServlet ''
2024-06-16T11:06:06.056+09:00  INFO 10931 --- [javafeed] [    Test worker] o.s.t.web.servlet.TestDispatcherServlet  : Initializing Servlet ''
2024-06-16T11:06:06.056+09:00  INFO 10931 --- [javafeed] [    Test worker] o.s.t.web.servlet.TestDispatcherServlet  : Completed initialization in 0 ms

MockHttpServletRequest:
      HTTP Method = DELETE
      Request URI = /posts/1/comments/1
       Parameters = {}
          Headers = []
             Body = <no character encoding set>
    Session Attrs = {}

Handler:
             Type = com.sparta.javafeed.controller.CommentController
           Method = com.sparta.javafeed.controller.CommentController#deleteComment(Long, UserDetailsImpl)

Async:
    Async started = false
     Async result = null

Resolved Exception:
             Type = null

ModelAndView:
        View name = null
             View = null
            Model = null

FlashMap:
       Attributes = null

MockHttpServletResponse:
           Status = 200
    Error message = null
          Headers = [Content-Type:"application/json"]
     Content type = application/json
             Body = {"status":200,"message":"댓글이 삭제 되었습니다."}
    Forwarded URL = null
   Redirected URL = null
          Cookies = []
2024-06-16T11:06:06.123+09:00  INFO 10931 --- [javafeed] [    Test worker] o.s.b.t.m.w.SpringBootMockServletContext : Initializing Spring TestDispatcherServlet ''
2024-06-16T11:06:06.123+09:00  INFO 10931 --- [javafeed] [    Test worker] o.s.t.web.servlet.TestDispatcherServlet  : Initializing Servlet ''
2024-06-16T11:06:06.123+09:00  INFO 10931 --- [javafeed] [    Test worker] o.s.t.web.servlet.TestDispatcherServlet  : Completed initialization in 0 ms

MockHttpServletRequest:
      HTTP Method = GET
      Request URI = /posts/1/comments
       Parameters = {}
          Headers = []
             Body = <no character encoding set>
    Session Attrs = {}

Handler:
             Type = com.sparta.javafeed.controller.CommentController
           Method = com.sparta.javafeed.controller.CommentController#getComments(Long)

Async:
    Async started = false
     Async result = null

Resolved Exception:
             Type = null

ModelAndView:
        View name = null
             View = null
            Model = null

FlashMap:
       Attributes = null

MockHttpServletResponse:
           Status = 200
    Error message = null
          Headers = [Content-Type:"application/json"]
     Content type = application/json
             Body = []
    Forwarded URL = null
   Redirected URL = null
          Cookies = []
]]></system-out>
  <system-err><![CDATA[]]></system-err>
</testsuite>
