<?xml version="1.0" encoding="UTF-8"?>
<testsuite name="com.sparta.javafeed.mvc.NewsfeedControllerTest" tests="1" skipped="0" failures="0" errors="0" timestamp="2024-06-15T00:38:37" hostname="Youiui-MacBookPro.local" time="0.132">
  <properties/>
  <testcase name="[DELETE] 게시물 삭제" classname="com.sparta.javafeed.mvc.NewsfeedControllerTest" time="0.132"/>
  <system-out><![CDATA[09:38:36.113 [Test worker] INFO org.springframework.test.context.support.AnnotationConfigContextLoaderUtils -- Could not detect default configuration classes for test class [com.sparta.javafeed.mvc.NewsfeedControllerTest]: NewsfeedControllerTest does not declare any static, non-private, non-final, nested classes annotated with @Configuration.
09:38:36.175 [Test worker] INFO org.springframework.boot.test.context.SpringBootTestContextBootstrapper -- Found @SpringBootConfiguration com.sparta.javafeed.JavafeedApplication for test class com.sparta.javafeed.mvc.NewsfeedControllerTest
  .   ____          _            __ _ _
 /\\ / ___'_ __ _ _(_)_ __  __ _ \ \ \ \
( ( )\___ | '_ | '_| | '_ \/ _` | \ \ \ \
 \\/  ___)| |_)| | | | | || (_| |  ) ) ) )
  '  |____| .__|_| |_|_| |_\__, | / / / /
 =========|_|==============|___/=/_/_/_/

 :: Spring Boot ::                (v3.3.0)

2024-06-15T09:38:36.309+09:00  INFO 9377 --- [javafeed] [    Test worker] c.s.javafeed.mvc.NewsfeedControllerTest  : Starting NewsfeedControllerTest using Java 17.0.10 with PID 9377 (started by youihyonkim in /Users/youihyonkim/Desktop/project/2024/스파르타-내일배움/SpartaNbCamp-Javafeed-TestCode-pp)
2024-06-15T09:38:36.310+09:00  INFO 9377 --- [javafeed] [    Test worker] c.s.javafeed.mvc.NewsfeedControllerTest  : No active profile set, falling back to 1 default profile: "default"
2024-06-15T09:38:37.288+09:00  WARN 9377 --- [javafeed] [    Test worker] .s.s.UserDetailsServiceAutoConfiguration : 

Using generated security password: 865051c9-64e6-42d1-b254-57f4efe9b419

This generated password is for development use only. Your security configuration must be updated before running your application in production.

2024-06-15T09:38:37.299+09:00  INFO 9377 --- [javafeed] [    Test worker] r$InitializeUserDetailsManagerConfigurer : Global AuthenticationManager configured with UserDetailsService bean with name inMemoryUserDetailsManager
2024-06-15T09:38:37.344+09:00  INFO 9377 --- [javafeed] [    Test worker] o.s.s.web.DefaultSecurityFilterChain     : Will secure any request with [org.springframework.security.web.session.DisableEncodeUrlFilter@359865a2, org.springframework.security.web.context.request.async.WebAsyncManagerIntegrationFilter@5d9bb69b, org.springframework.security.web.context.SecurityContextHolderFilter@6591f8ea, org.springframework.security.web.header.HeaderWriterFilter@6e3b2dd3, org.springframework.web.filter.CorsFilter@25d0b918, org.springframework.security.web.csrf.CsrfFilter@75a226ea, org.springframework.security.web.authentication.logout.LogoutFilter@7e1a9173, org.springframework.security.web.authentication.UsernamePasswordAuthenticationFilter@63c84d31, org.springframework.security.web.authentication.ui.DefaultLoginPageGeneratingFilter@37d3aa8c, org.springframework.security.web.authentication.ui.DefaultLogoutPageGeneratingFilter@9bf63d2, org.springframework.security.web.authentication.www.BasicAuthenticationFilter@389a1e34, org.springframework.security.web.savedrequest.RequestCacheAwareFilter@279c4e3b, org.springframework.security.web.servletapi.SecurityContextHolderAwareRequestFilter@59f7c106, org.springframework.security.web.authentication.AnonymousAuthenticationFilter@7ffcb232, org.springframework.security.web.access.ExceptionTranslationFilter@2fa212df, org.springframework.security.web.access.intercept.AuthorizationFilter@595ec862]
2024-06-15T09:38:37.368+09:00  INFO 9377 --- [javafeed] [    Test worker] o.s.b.t.m.w.SpringBootMockServletContext : Initializing Spring TestDispatcherServlet ''
2024-06-15T09:38:37.368+09:00  INFO 9377 --- [javafeed] [    Test worker] o.s.t.web.servlet.TestDispatcherServlet  : Initializing Servlet ''
2024-06-15T09:38:37.368+09:00  INFO 9377 --- [javafeed] [    Test worker] o.s.t.web.servlet.TestDispatcherServlet  : Completed initialization in 0 ms
2024-06-15T09:38:37.383+09:00  INFO 9377 --- [javafeed] [    Test worker] c.s.javafeed.mvc.NewsfeedControllerTest  : Started NewsfeedControllerTest in 1.176 seconds (process running for 1.595)
2024-06-15T09:38:37.395+09:00  INFO 9377 --- [javafeed] [    Test worker] o.s.b.t.m.w.SpringBootMockServletContext : Initializing Spring TestDispatcherServlet ''
2024-06-15T09:38:37.395+09:00  INFO 9377 --- [javafeed] [    Test worker] o.s.t.web.servlet.TestDispatcherServlet  : Initializing Servlet ''
2024-06-15T09:38:37.396+09:00  INFO 9377 --- [javafeed] [    Test worker] o.s.t.web.servlet.TestDispatcherServlet  : Completed initialization in 0 ms

MockHttpServletRequest:
      HTTP Method = DELETE
      Request URI = /posts/1
       Parameters = {}
          Headers = [Content-Type:"application/json"]
             Body = <no character encoding set>
    Session Attrs = {}

Handler:
             Type = com.sparta.javafeed.controller.NewsfeedController
           Method = com.sparta.javafeed.controller.NewsfeedController#deleteNewsfeed(Long, UserDetailsImpl)

Async:
    Async started = false
     Async result = null

Resolved Exception:
             Type = null

ModelAndView:
        View name = null
             View = null
            Model = null

FlashMap:
       Attributes = null

MockHttpServletResponse:
           Status = 200
    Error message = null
          Headers = [Content-Type:"application/json"]
     Content type = application/json
             Body = {"status":200,"message":"게시글이 삭제 되었습니다."}
    Forwarded URL = null
   Redirected URL = null
          Cookies = []
]]></system-out>
  <system-err><![CDATA[]]></system-err>
</testsuite>
